Using pre-set license
Built from '2020.3/staging' branch; Version is '2020.3.13f1 (71691879b7f5) revision 7432472'; Using compiler version '192528614'; Build Type 'Release'
OS: 'Windows 10 Home; OS build 19043.1288; Version 2009; 64bit' Language: 'en' Physical Memory: 65467 MB
BatchMode: 1, IsHumanControllingUs: 0, StartBugReporterOnCrash: 0, Is64bit: 1, IsPro: 0

 COMMAND LINE ARGUMENTS:
C:\Program Files (x86)\2020.3.13f1\Editor\Unity.exe
-adb2
-batchMode
-noUpm
-name
AssetImportWorker0
-projectPath
C:/Users/Rough/Desktop/ShrugWare
-logFile
Logs/AssetImportWorker0.log
-srvPort
63488
Successfully changed project path to: C:/Users/Rough/Desktop/ShrugWare
C:/Users/Rough/Desktop/ShrugWare
Using Asset Import Pipeline V2.
Refreshing native plugins compatible for Editor in 22.98 ms, found 2 plugins.
Preloading 0 native plugins for Editor in 0.00 ms.
Initialize engine version: 2020.3.13f1 (71691879b7f5)
[Subsystems] Discovering subsystems at path C:/Program Files (x86)/2020.3.13f1/Editor/Data/Resources/UnitySubsystems
[Subsystems] Discovering subsystems at path C:/Users/Rough/Desktop/ShrugWare/Assets
GfxDevice: creating device client; threaded=0
Direct3D:
    Version:  Direct3D 11.0 [level 11.1]
    Renderer: NVIDIA GeForce RTX 3080 (ID=0x2206)
    Vendor:   
    VRAM:     10077 MB
    Driver:   30.0.14.7212
Initialize mono
Mono path[0] = 'C:/Program Files (x86)/2020.3.13f1/Editor/Data/Managed'
Mono path[1] = 'C:/Program Files (x86)/2020.3.13f1/Editor/Data/MonoBleedingEdge/lib/mono/unityjit'
Mono config path = 'C:/Program Files (x86)/2020.3.13f1/Editor/Data/MonoBleedingEdge/etc'
Using monoOptions --debugger-agent=transport=dt_socket,embedding=1,server=y,suspend=n,address=127.0.0.1:56692
Begin MonoManager ReloadAssembly
Registering precompiled unity dll's ...
Register platform support module: C:/Program Files (x86)/2020.3.13f1/Editor/Data/PlaybackEngines/WindowsStandaloneSupport/UnityEditor.WindowsStandalone.Extensions.dll
Registered in 0.001765 seconds.
Native extension for WindowsStandalone target not found
Refreshing native plugins compatible for Editor in 21.77 ms, found 2 plugins.
Preloading 0 native plugins for Editor in 0.00 ms.
Mono: successfully reloaded assembly
- Completed reload, in  0.990 seconds
Platform modules already initialized, skipping
Registering precompiled user dll's ...
Registered in 0.003477 seconds.
Begin MonoManager ReloadAssembly
Native extension for WindowsStandalone target not found
Refreshing native plugins compatible for Editor in 0.26 ms, found 2 plugins.
Preloading 0 native plugins for Editor in 0.00 ms.
Mono: successfully reloaded assembly
- Completed reload, in  0.816 seconds
Platform modules already initialized, skipping
========================================================================
Worker process is ready to serve import requests
Launched and connected shader compiler UnityShaderCompiler.exe after 0.03 seconds
Refreshing native plugins compatible for Editor in 0.29 ms, found 2 plugins.
Preloading 0 native plugins for Editor in 0.00 ms.
Unloading 1394 Unused Serialized files (Serialized files now loaded: 0)
System memory in use before: 76.9 MB.
System memory in use after: 77.0 MB.

Unloading 18 unused Assets to reduce memory usage. Loaded Objects now: 1842.
Total: 1.520500 ms (FindLiveObjects: 0.121500 ms CreateObjectMapping: 0.030700 ms MarkObjects: 1.313400 ms  DeleteObjects: 0.054200 ms)

AssetImportParameters requested are different than current active one (requested -> active):
  requireTextureImportCompression: false -> true
  custom:framework-win-MediaFoundation: 216162199b28c13a410421893ffa2e32 -> 
  custom:video-decoder-ogg-theora: a1e56fd34408186e4bbccfd4996cb3dc -> 
  custom:container-muxer-webm: aa71ff27fc2769a1b78a27578f13a17b -> 
  custom:container-demuxer-webm: 4f35f7cbe854078d1ac9338744f61a02 -> 
  custom:container-demuxer-ogg: 62fdf1f143b41e24485cea50d1cbac27 -> 
  custom:video-encoder-webm-vp8: eb34c28f22e8b96e1ab97ce403110664 -> 
  custom:video-decoder-webm-vp8: 9c59270c3fd7afecdb556c50c9e8de78 -> 
  custom:audio-decoder-ogg-vorbis: bf7c407c2cedff20999df2af8eb42d56 -> 
  custom:audio-encoder-webm-vorbis: bf7c407c2cedff20999df2af8eb42d56 -> 
========================================================================
Received Import Request.
  path: Assets/Scenes/Friendly POV/GetOutOfFireScene.unity
  artifactKey: Guid(41f5bc8e45d8c484896c4b47582292f4) Importer(815301076,1909f56bfc062723c751e8b465ee728b)
Start importing Assets/Scenes/Friendly POV/GetOutOfFireScene.unity using Guid(41f5bc8e45d8c484896c4b47582292f4) Importer(815301076,1909f56bfc062723c751e8b465ee728b)  -> (artifact id: '1c8a6dbbafb23534396b4117438bbf60') in 0.014415 seconds 
  Import took 0.016259 seconds .

========================================================================
Received Import Request.
  Time since last request: 25.479521 seconds.
  path: Assets/Scenes/Friendly POV/GetOutOfFireScene.unity
  artifactKey: Guid(41f5bc8e45d8c484896c4b47582292f4) Importer(815301076,1909f56bfc062723c751e8b465ee728b)
Start importing Assets/Scenes/Friendly POV/GetOutOfFireScene.unity using Guid(41f5bc8e45d8c484896c4b47582292f4) Importer(815301076,1909f56bfc062723c751e8b465ee728b)  -> (artifact id: 'b627bb15fac749ca636e0546516f1055') in 0.003444 seconds 
  Import took 0.005499 seconds .

========================================================================
Received Import Request.
  Time since last request: 112.452979 seconds.
  path: Assets/Scenes/MainScene 1.unity
  artifactKey: Guid(2724fc1884c1ac04b939f5b7df9ffed6) Importer(815301076,1909f56bfc062723c751e8b465ee728b)
Start importing Assets/Scenes/MainScene 1.unity using Guid(2724fc1884c1ac04b939f5b7df9ffed6) Importer(815301076,1909f56bfc062723c751e8b465ee728b)  -> (artifact id: '808af7637ef596f2cea8d594472c0327') in 0.007038 seconds 
  Import took 0.009543 seconds .

========================================================================
Received Import Request.
  Time since last request: 0.000708 seconds.
  path: Assets/Scenes/MainScene 1.unity
  artifactKey: Guid(2724fc1884c1ac04b939f5b7df9ffed6) Importer(815301076,1909f56bfc062723c751e8b465ee728b)
Start importing Assets/Scenes/MainScene 1.unity using Guid(2724fc1884c1ac04b939f5b7df9ffed6) Importer(815301076,1909f56bfc062723c751e8b465ee728b)  -> (artifact id: '808af7637ef596f2cea8d594472c0327') in 0.003074 seconds 
  Import took 0.005088 seconds .

